<?xml version="1.0" encoding="UTF-8"?>
<!-- Generated by org.testng.reporters.JUnitXMLReporter -->
<testsuite hostname="Maheswaras-MacBook-Pro.local" ignored="0" name="Command line test" tests="6" failures="0" timestamp="2020-07-15T22:45:18 IST" time="0.028" errors="0">
  <testcase name="ProfileTest" time="0.003" classname="qaclickacademy.ReTest"/>
  <testcase name="Regression" time="0.0" classname="qaclickacademy.RegressionTest"/>
  <testcase name="Retest" time="0.0" classname="qaclickacademy.RegressionTest"/>
  <testcase name="MavenMethod" time="0.0" classname="qaclickacademy.SeleniumTest"/>
  <testcase name="MavenTesting" time="0.0" classname="qaclickacademy.SeleniumTest"/>
  <testcase name="MavenTesting1" time="0.0" classname="qaclickacademy.SeleniumTest"/>
</testsuite> <!-- Command line test -->
