<?xml version="1.0" encoding="UTF-8"?>
<testng-results skipped="0" failed="0" ignored="0" total="6" passed="6">
  <reporter-output>
  </reporter-output>
  <suite name="Command line suite" duration-ms="28" started-at="2020-07-15T22:45:17 IST" finished-at="2020-07-15T22:45:17 IST">
    <groups>
    </groups>
    <test name="Command line test" duration-ms="28" started-at="2020-07-15T22:45:17 IST" finished-at="2020-07-15T22:45:17 IST">
      <class name="qaclickacademy.ReTest">
        <test-method status="PASS" signature="ProfileTest()[pri:0, instance:qaclickacademy.ReTest@685cb137]" name="ProfileTest" duration-ms="3" started-at="2020-07-15T22:45:17 IST" finished-at="2020-07-15T22:45:17 IST">
          <reporter-output>
          </reporter-output>
        </test-method> <!-- ProfileTest -->
      </class> <!-- qaclickacademy.ReTest -->
      <class name="qaclickacademy.SeleniumTest">
        <test-method status="PASS" signature="MavenMethod()[pri:0, instance:qaclickacademy.SeleniumTest@7cd62f43]" name="MavenMethod" duration-ms="0" started-at="2020-07-15T22:45:17 IST" finished-at="2020-07-15T22:45:17 IST">
          <reporter-output>
          </reporter-output>
        </test-method> <!-- MavenMethod -->
        <test-method status="PASS" signature="MavenTesting()[pri:0, instance:qaclickacademy.SeleniumTest@7cd62f43]" name="MavenTesting" duration-ms="0" started-at="2020-07-15T22:45:17 IST" finished-at="2020-07-15T22:45:17 IST">
          <reporter-output>
          </reporter-output>
        </test-method> <!-- MavenTesting -->
        <test-method status="PASS" signature="MavenTesting1()[pri:0, instance:qaclickacademy.SeleniumTest@7cd62f43]" name="MavenTesting1" duration-ms="0" started-at="2020-07-15T22:45:17 IST" finished-at="2020-07-15T22:45:17 IST">
          <reporter-output>
          </reporter-output>
        </test-method> <!-- MavenTesting1 -->
      </class> <!-- qaclickacademy.SeleniumTest -->
      <class name="qaclickacademy.RegressionTest">
        <test-method status="PASS" signature="Retest()[pri:0, instance:qaclickacademy.RegressionTest@6a41eaa2]" name="Retest" duration-ms="0" started-at="2020-07-15T22:45:17 IST" finished-at="2020-07-15T22:45:17 IST">
          <reporter-output>
          </reporter-output>
        </test-method> <!-- Retest -->
        <test-method status="PASS" signature="Regression()[pri:0, instance:qaclickacademy.RegressionTest@6a41eaa2]" name="Regression" duration-ms="0" started-at="2020-07-15T22:45:17 IST" finished-at="2020-07-15T22:45:17 IST">
          <reporter-output>
          </reporter-output>
        </test-method> <!-- Regression -->
      </class> <!-- qaclickacademy.RegressionTest -->
    </test> <!-- Command line test -->
  </suite> <!-- Command line suite -->
</testng-results>
